app/build/intermediates/manifest_merge_blame_file/debug/manifest-merger-blame-debug-report.txt
1<?xml version="1.0" encoding="utf-8"?>
2<manifest xmlns:android="http://schemas.android.com/apk/res/android"
3    package="com.nef3001.nefurnitar"
4    android:versionCode="1"
5    android:versionName="1.0" >
6
7    <uses-sdk
8        android:minSdkVersion="22"
8-->src/main/AndroidManifest.xml
9        android:targetSdkVersion="28" />
9-->src/main/AndroidManifest.xml
10
11    <!-- Both "AR Optional" and "AR Required" apps require CAMERA permission. -->
12    <uses-permission android:name="android.permission.CAMERA" />
12-->src/main/AndroidManifest.xml:6:5-65
12-->src/main/AndroidManifest.xml:6:22-62
13
14    <!-- Needed to load a glTF from the internet. -->
15    <uses-permission android:name="android.permission.INTERNET" />
15-->src/main/AndroidManifest.xml:9:5-67
15-->src/main/AndroidManifest.xml:9:22-64
16    <uses-permission android:name="android.permission.ACCESS_NETWORK_STATE" />
16-->src/main/AndroidManifest.xml:10:5-79
16-->src/main/AndroidManifest.xml:10:22-76
17    <uses-permission android:name="android.permission.WRITE_EXTERNAL_STORAGE" />
17-->src/main/AndroidManifest.xml:11:5-81
17-->src/main/AndroidManifest.xml:11:22-78
18    <uses-permission android:name="android.permission.WAKE_LOCK" />
18-->[com.google.firebase:firebase-measurement-connector-impl:17.0.3] AndroidManifest.xml:24:5-68
18-->[com.google.firebase:firebase-measurement-connector-impl:17.0.3] AndroidManifest.xml:24:22-65
19    <uses-permission android:name="com.google.android.finsky.permission.BIND_GET_INSTALL_REFERRER_SERVICE" /> <!-- Required by older versions of Google Play services to create IID tokens -->
19-->[com.google.firebase:firebase-analytics:16.0.5] AndroidManifest.xml:26:5-110
19-->[com.google.firebase:firebase-analytics:16.0.5] AndroidManifest.xml:26:22-107
20    <uses-permission android:name="com.google.android.c2dm.permission.RECEIVE" />
20-->[com.google.firebase:firebase-iid:17.0.3] AndroidManifest.xml:26:5-82
20-->[com.google.firebase:firebase-iid:17.0.3] AndroidManifest.xml:26:22-79
21    <uses-permission android:name="android.permission.READ_PHONE_STATE" />
22    <uses-permission android:name="android.permission.READ_EXTERNAL_STORAGE" />
23
24    <application
24-->src/main/AndroidManifest.xml:14:5-85:19
25        android:allowBackup="true"
25-->src/main/AndroidManifest.xml:15:9-35
26        android:appComponentFactory="android.support.v4.app.CoreComponentFactory"
26-->[com.android.support:support-compat:28.0.0] AndroidManifest.xml:22:18-91
27        android:debuggable="true"
28        android:icon="@mipmap/ic_launcher"
28-->src/main/AndroidManifest.xml:16:9-43
29        android:label="@string/app_name"
29-->src/main/AndroidManifest.xml:17:9-41
30        android:roundIcon="@mipmap/ic_launcher_round"
30-->src/main/AndroidManifest.xml:18:9-54
31        android:supportsRtl="true"
31-->src/main/AndroidManifest.xml:19:9-35
32        android:testOnly="true"
33        android:theme="@style/AppTheme" >
33-->src/main/AndroidManifest.xml:20:9-40
34        <activity
34-->src/main/AndroidManifest.xml:22:9-24:52
35            android:name="com.nef3001.NEFurnitAR.MainActivity"
35-->src/main/AndroidManifest.xml:23:13-63
36            android:screenOrientation="portrait" />
36-->src/main/AndroidManifest.xml:24:13-49
37        <activity
37-->src/main/AndroidManifest.xml:26:9-34:20
38            android:name="com.nef3001.NEFurnitAR.Login"
38-->src/main/AndroidManifest.xml:27:13-56
39            android:screenOrientation="portrait" >
39-->src/main/AndroidManifest.xml:28:13-49
40            <intent-filter>
40-->src/main/AndroidManifest.xml:29:13-33:29
41                <action android:name="android.intent.action.MAIN" />
41-->src/main/AndroidManifest.xml:30:17-69
41-->src/main/AndroidManifest.xml:30:25-66
42
43                <category android:name="android.intent.category.DEFAULT" />
43-->src/main/AndroidManifest.xml:32:17-76
43-->src/main/AndroidManifest.xml:32:27-73
44            </intent-filter>
45        </activity>
46        <activity
46-->src/main/AndroidManifest.xml:35:9-43:20
47            android:name="com.nef3001.NEFurnitAR.splash_activity"
47-->src/main/AndroidManifest.xml:36:13-66
48            android:screenOrientation="portrait" >
48-->src/main/AndroidManifest.xml:37:13-49
49            <intent-filter>
49-->src/main/AndroidManifest.xml:38:13-42:29
50                <action android:name="android.intent.action.MAIN" />
50-->src/main/AndroidManifest.xml:30:17-69
50-->src/main/AndroidManifest.xml:30:25-66
51
52                <category android:name="android.intent.category.LAUNCHER" />
52-->src/main/AndroidManifest.xml:41:17-77
52-->src/main/AndroidManifest.xml:41:27-74
53            </intent-filter>
54        </activity>
55        <activity
55-->src/main/AndroidManifest.xml:44:9-46:52
56            android:name="com.nef3001.NEFurnitAR.signUp"
56-->src/main/AndroidManifest.xml:45:13-57
57            android:screenOrientation="portrait" />
57-->src/main/AndroidManifest.xml:46:13-49
58        <activity
58-->src/main/AndroidManifest.xml:47:9-49:52
59            android:name="com.nef3001.NEFurnitAR.Item_Detail"
59-->src/main/AndroidManifest.xml:48:13-62
60            android:screenOrientation="portrait" />
60-->src/main/AndroidManifest.xml:49:13-49
61
62        <meta-data
62-->src/main/AndroidManifest.xml:51:9-53:40
63            android:name="com.google.ar.core"
63-->src/main/AndroidManifest.xml:52:13-46
64            android:value="optional" />
64-->src/main/AndroidManifest.xml:53:13-37
65        <meta-data
65-->src/main/AndroidManifest.xml:54:9-56:70
66            android:name="com.google.android.gms.ads.APPLICATION_ID"
66-->src/main/AndroidManifest.xml:55:13-69
67            android:value="ca-app-pub-5091759987842562~8434864389" />
67-->src/main/AndroidManifest.xml:56:13-67
68        <meta-data
68-->src/main/AndroidManifest.xml:57:9-59:57
69            android:name="preloaded_fonts"
69-->src/main/AndroidManifest.xml:58:13-43
70            android:resource="@array/preloaded_fonts" />
70-->src/main/AndroidManifest.xml:59:13-54
71
72        <activity
72-->src/main/AndroidManifest.xml:61:9-63:52
73            android:name="com.nef3001.NEFurnitAR.ARactivity"
73-->src/main/AndroidManifest.xml:62:13-61
74            android:screenOrientation="portrait" />
74-->src/main/AndroidManifest.xml:63:13-49
75        <activity
75-->src/main/AndroidManifest.xml:64:9-66:52
76            android:name="com.nef3001.NEFurnitAR.cart_activity"
76-->src/main/AndroidManifest.xml:65:13-64
77            android:screenOrientation="portrait" />
77-->src/main/AndroidManifest.xml:66:13-49
78        <activity
78-->src/main/AndroidManifest.xml:67:9-69:52
79            android:name="com.nef3001.NEFurnitAR.about"
79-->src/main/AndroidManifest.xml:68:13-56
80            android:screenOrientation="portrait" />
80-->src/main/AndroidManifest.xml:69:13-49
81        <activity
81-->src/main/AndroidManifest.xml:70:9-72:52
82            android:name="com.nef3001.NEFurnitAR.help"
82-->src/main/AndroidManifest.xml:71:13-55
83            android:screenOrientation="portrait" />
83-->src/main/AndroidManifest.xml:72:13-49
84
85        <receiver
85-->src/main/AndroidManifest.xml:74:9-81:20
86            android:name="com.nef3001.NEFurnitAR.internetConnectivity"
86-->src/main/AndroidManifest.xml:75:13-71
87            android:enabled="true"
87-->src/main/AndroidManifest.xml:76:13-35
88            android:exported="true" >
88-->src/main/AndroidManifest.xml:77:13-36
89            <intent-filter>
89-->src/main/AndroidManifest.xml:78:13-80:29
90                <action android:name="android.net.conn.CONNECTIVITY_CHANGE" />
90-->src/main/AndroidManifest.xml:79:17-79
90-->src/main/AndroidManifest.xml:79:25-76
91            </intent-filter>
92        </receiver>
93
94        <service android:name="com.nef3001.NEFurnitAR.HistoryService" />
94-->src/main/AndroidManifest.xml:83:9-81
94-->src/main/AndroidManifest.xml:83:18-70
95
96        <activity
96-->[com.google.firebase:firebase-auth:16.0.5] AndroidManifest.xml:24:9-31:50
97            android:name="com.google.firebase.auth.internal.FederatedSignInActivity"
97-->[com.google.firebase:firebase-auth:16.0.5] AndroidManifest.xml:25:13-85
98            android:excludeFromRecents="true"
98-->[com.google.firebase:firebase-auth:16.0.5] AndroidManifest.xml:26:13-46
99            android:exported="true"
99-->[com.google.firebase:firebase-auth:16.0.5] AndroidManifest.xml:27:13-36
100            android:launchMode="singleTask"
100-->[com.google.firebase:firebase-auth:16.0.5] AndroidManifest.xml:28:13-44
101            android:permission="com.google.firebase.auth.api.gms.permission.LAUNCH_FEDERATED_SIGN_IN"
101-->[com.google.firebase:firebase-auth:16.0.5] AndroidManifest.xml:29:13-102
102            android:theme="@android:style/Theme.Translucent.NoTitleBar" />
102-->[com.google.firebase:firebase-auth:16.0.5] AndroidManifest.xml:30:13-72
103
104        <service
104-->[com.google.firebase:firebase-auth:16.0.5] AndroidManifest.xml:33:9-39:19
105            android:name="com.google.firebase.components.ComponentDiscoveryService"
105-->[com.google.firebase:firebase-auth:16.0.5] AndroidManifest.xml:34:13-84
106            android:exported="false" >
106-->[com.google.firebase:firebase-auth:16.0.5] AndroidManifest.xml:35:13-37
107            <meta-data
107-->[com.google.firebase:firebase-auth:16.0.5] AndroidManifest.xml:36:13-38:85
108                android:name="com.google.firebase.components:com.google.firebase.auth.FirebaseAuthRegistrar"
108-->[com.google.firebase:firebase-auth:16.0.5] AndroidManifest.xml:37:17-109
109                android:value="com.google.firebase.components.ComponentRegistrar" />
109-->[com.google.firebase:firebase-auth:16.0.5] AndroidManifest.xml:38:17-82
110            <meta-data
110-->[com.google.firebase:firebase-firestore:17.1.1] AndroidManifest.xml:15:13-17:85
111                android:name="com.google.firebase.components:com.google.firebase.firestore.FirestoreRegistrar"
111-->[com.google.firebase:firebase-firestore:17.1.1] AndroidManifest.xml:16:17-111
112                android:value="com.google.firebase.components.ComponentRegistrar" />
112-->[com.google.firebase:firebase-firestore:17.1.1] AndroidManifest.xml:17:17-82
113            <meta-data
113-->[com.google.firebase:firebase-measurement-connector-impl:17.0.3] AndroidManifest.xml:28:13-30:85
114                android:name="com.google.firebase.components:com.google.firebase.analytics.connector.internal.AnalyticsConnectorRegistrar"
114-->[com.google.firebase:firebase-measurement-connector-impl:17.0.3] AndroidManifest.xml:29:17-139
115                android:value="com.google.firebase.components.ComponentRegistrar" />
115-->[com.google.firebase:firebase-measurement-connector-impl:17.0.3] AndroidManifest.xml:30:17-82
116            <meta-data
116-->[com.google.firebase:firebase-iid:17.0.3] AndroidManifest.xml:32:13-34:85
117                android:name="com.google.firebase.components:com.google.firebase.iid.Registrar"
117-->[com.google.firebase:firebase-iid:17.0.3] AndroidManifest.xml:33:17-96
118                android:value="com.google.firebase.components.ComponentRegistrar" />
118-->[com.google.firebase:firebase-iid:17.0.3] AndroidManifest.xml:34:17-82
119        </service>
120
121        <activity
121-->[com.google.android.gms:play-services-auth:16.0.1] AndroidManifest.xml:23:9-27:75
122            android:name="com.google.android.gms.auth.api.signin.internal.SignInHubActivity"
122-->[com.google.android.gms:play-services-auth:16.0.1] AndroidManifest.xml:24:13-93
123            android:excludeFromRecents="true"
123-->[com.google.android.gms:play-services-auth:16.0.1] AndroidManifest.xml:25:13-46
124            android:exported="false"
124-->[com.google.android.gms:play-services-auth:16.0.1] AndroidManifest.xml:26:13-37
125            android:theme="@android:style/Theme.Translucent.NoTitleBar" />
125-->[com.google.android.gms:play-services-auth:16.0.1] AndroidManifest.xml:27:13-72
126        <!--
127            Service handling Google Sign-In user revocation. For apps that do not integrate with
128            Google Sign-In, this service will never be started.
129        -->
130        <service
130-->[com.google.android.gms:play-services-auth:16.0.1] AndroidManifest.xml:33:9-36:110
131            android:name="com.google.android.gms.auth.api.signin.RevocationBoundService"
131-->[com.google.android.gms:play-services-auth:16.0.1] AndroidManifest.xml:34:13-89
132            android:exported="true"
132-->[com.google.android.gms:play-services-auth:16.0.1] AndroidManifest.xml:35:13-36
133            android:permission="com.google.android.gms.auth.api.signin.permission.REVOCATION_NOTIFICATION" />
133-->[com.google.android.gms:play-services-auth:16.0.1] AndroidManifest.xml:36:13-107
134
135        <receiver
135-->[com.google.firebase:firebase-analytics:16.0.5] AndroidManifest.xml:29:9-33:20
136            android:name="com.google.android.gms.measurement.AppMeasurementReceiver"
136-->[com.google.firebase:firebase-analytics:16.0.5] AndroidManifest.xml:30:13-85
137            android:enabled="true"
137-->[com.google.firebase:firebase-analytics:16.0.5] AndroidManifest.xml:31:13-35
138            android:exported="false" >
138-->[com.google.firebase:firebase-analytics:16.0.5] AndroidManifest.xml:32:13-37
139        </receiver>
140        <receiver
140-->[com.google.firebase:firebase-analytics:16.0.5] AndroidManifest.xml:34:9-42:20
141            android:name="com.google.android.gms.measurement.AppMeasurementInstallReferrerReceiver"
141-->[com.google.firebase:firebase-analytics:16.0.5] AndroidManifest.xml:35:13-100
142            android:enabled="true"
142-->[com.google.firebase:firebase-analytics:16.0.5] AndroidManifest.xml:36:13-35
143            android:exported="true"
143-->[com.google.firebase:firebase-analytics:16.0.5] AndroidManifest.xml:37:13-36
144            android:permission="android.permission.INSTALL_PACKAGES" >
144-->[com.google.firebase:firebase-analytics:16.0.5] AndroidManifest.xml:38:13-69
145            <intent-filter>
145-->[com.google.firebase:firebase-analytics:16.0.5] AndroidManifest.xml:39:13-41:29
146                <action android:name="com.android.vending.INSTALL_REFERRER" />
146-->[com.google.firebase:firebase-analytics:16.0.5] AndroidManifest.xml:40:17-79
146-->[com.google.firebase:firebase-analytics:16.0.5] AndroidManifest.xml:40:25-76
147            </intent-filter>
148        </receiver>
149
150        <service
150-->[com.google.firebase:firebase-analytics:16.0.5] AndroidManifest.xml:44:9-47:40
151            android:name="com.google.android.gms.measurement.AppMeasurementService"
151-->[com.google.firebase:firebase-analytics:16.0.5] AndroidManifest.xml:45:13-84
152            android:enabled="true"
152-->[com.google.firebase:firebase-analytics:16.0.5] AndroidManifest.xml:46:13-35
153            android:exported="false" />
153-->[com.google.firebase:firebase-analytics:16.0.5] AndroidManifest.xml:47:13-37
154        <service
154-->[com.google.firebase:firebase-analytics:16.0.5] AndroidManifest.xml:48:9-52:72
155            android:name="com.google.android.gms.measurement.AppMeasurementJobService"
155-->[com.google.firebase:firebase-analytics:16.0.5] AndroidManifest.xml:49:13-87
156            android:enabled="true"
156-->[com.google.firebase:firebase-analytics:16.0.5] AndroidManifest.xml:50:13-35
157            android:exported="false"
157-->[com.google.firebase:firebase-analytics:16.0.5] AndroidManifest.xml:51:13-37
158            android:permission="android.permission.BIND_JOB_SERVICE" />
158-->[com.google.firebase:firebase-analytics:16.0.5] AndroidManifest.xml:52:13-69
159
160        <receiver
160-->[com.google.firebase:firebase-iid:17.0.3] AndroidManifest.xml:37:9-44:20
161            android:name="com.google.firebase.iid.FirebaseInstanceIdReceiver"
161-->[com.google.firebase:firebase-iid:17.0.3] AndroidManifest.xml:38:13-78
162            android:exported="true"
162-->[com.google.firebase:firebase-iid:17.0.3] AndroidManifest.xml:39:13-36
163            android:permission="com.google.android.c2dm.permission.SEND" >
163-->[com.google.firebase:firebase-iid:17.0.3] AndroidManifest.xml:40:13-73
164            <intent-filter>
164-->[com.google.firebase:firebase-iid:17.0.3] AndroidManifest.xml:41:13-43:29
165                <action android:name="com.google.android.c2dm.intent.RECEIVE" />
165-->[com.google.firebase:firebase-iid:17.0.3] AndroidManifest.xml:42:17-81
165-->[com.google.firebase:firebase-iid:17.0.3] AndroidManifest.xml:42:25-78
166            </intent-filter>
167        </receiver>
168        <!--
169             FirebaseInstanceIdService performs security checks at runtime,
170             no need for explicit permissions despite exported="true"
171        -->
172        <service
172-->[com.google.firebase:firebase-iid:17.0.3] AndroidManifest.xml:50:9-56:19
173            android:name="com.google.firebase.iid.FirebaseInstanceIdService"
173-->[com.google.firebase:firebase-iid:17.0.3] AndroidManifest.xml:51:13-77
174            android:exported="true" >
174-->[com.google.firebase:firebase-iid:17.0.3] AndroidManifest.xml:52:13-36
175            <intent-filter android:priority="-500" >
175-->[com.google.firebase:firebase-iid:17.0.3] AndroidManifest.xml:53:13-55:29
175-->[com.google.firebase:firebase-iid:17.0.3] AndroidManifest.xml:53:28-51
176                <action android:name="com.google.firebase.INSTANCE_ID_EVENT" />
176-->[com.google.firebase:firebase-iid:17.0.3] AndroidManifest.xml:54:17-80
176-->[com.google.firebase:firebase-iid:17.0.3] AndroidManifest.xml:54:25-77
177            </intent-filter>
178        </service>
179
180        <activity
180-->[com.google.android.gms:play-services-base:16.0.1] AndroidManifest.xml:23:9-26:75
181            android:name="com.google.android.gms.common.api.GoogleApiActivity"
181-->[com.google.android.gms:play-services-base:16.0.1] AndroidManifest.xml:24:13-79
182            android:exported="false"
182-->[com.google.android.gms:play-services-base:16.0.1] AndroidManifest.xml:25:13-37
183            android:theme="@android:style/Theme.Translucent.NoTitleBar" />
183-->[com.google.android.gms:play-services-base:16.0.1] AndroidManifest.xml:26:13-72
184
185        <provider
185-->[com.google.firebase:firebase-common:16.0.4] AndroidManifest.xml:10:9-14:39
186            android:name="com.google.firebase.provider.FirebaseInitProvider"
186-->[com.google.firebase:firebase-common:16.0.4] AndroidManifest.xml:11:13-77
187            android:authorities="com.nef3001.nefurnitar.firebaseinitprovider"
187-->[com.google.firebase:firebase-common:16.0.4] AndroidManifest.xml:12:13-72
188            android:exported="false"
188-->[com.google.firebase:firebase-common:16.0.4] AndroidManifest.xml:13:13-37
189            android:initOrder="100" /> <!-- Include the AdActivity and InAppPurchaseActivity configChanges and themes. -->
189-->[com.google.firebase:firebase-common:16.0.4] AndroidManifest.xml:14:13-36
190        <activity
190-->[com.google.android.gms:play-services-ads-lite:16.0.0] AndroidManifest.xml:29:9-33:64
191            android:name="com.google.android.gms.ads.AdActivity"
191-->[com.google.android.gms:play-services-ads-lite:16.0.0] AndroidManifest.xml:30:13-65
192            android:configChanges="keyboard|keyboardHidden|orientation|screenLayout|uiMode|screenSize|smallestScreenSize"
192-->[com.google.android.gms:play-services-ads-lite:16.0.0] AndroidManifest.xml:31:13-122
193            android:exported="false"
193-->[com.google.android.gms:play-services-ads-lite:16.0.0] AndroidManifest.xml:32:13-37
194            android:theme="@android:style/Theme.Translucent" />
194-->[com.google.android.gms:play-services-ads-lite:16.0.0] AndroidManifest.xml:33:13-61
195
196        <meta-data
196-->[com.google.android.gms:play-services-basement:16.1.0] AndroidManifest.xml:23:9-25:69
197            android:name="com.google.android.gms.version"
197-->[com.google.android.gms:play-services-basement:16.1.0] AndroidManifest.xml:24:13-58
198            android:value="@integer/google_play_services_version" />
198-->[com.google.android.gms:play-services-basement:16.1.0] AndroidManifest.xml:25:13-66
199
200        <provider
200-->[com.squareup.picasso:picasso:2.71828] AndroidManifest.xml:8:9-11:40
201            android:name="com.squareup.picasso.PicassoProvider"
201-->[com.squareup.picasso:picasso:2.71828] AndroidManifest.xml:9:13-64
202            android:authorities="com.nef3001.nefurnitar.com.squareup.picasso"
202-->[com.squareup.picasso:picasso:2.71828] AndroidManifest.xml:10:13-72
203            android:exported="false" /> <!-- This activity is critical for installing ARCore when it is not already present. -->
203-->[com.squareup.picasso:picasso:2.71828] AndroidManifest.xml:11:13-37
204        <activity
204-->[com.google.ar:core:1.6.0] AndroidManifest.xml:33:9-39:80
205            android:name="com.google.ar.core.InstallActivity"
205-->[com.google.ar:core:1.6.0] AndroidManifest.xml:34:13-62
206            android:configChanges="keyboardHidden|orientation|screenSize"
206-->[com.google.ar:core:1.6.0] AndroidManifest.xml:35:13-74
207            android:excludeFromRecents="true"
207-->[com.google.ar:core:1.6.0] AndroidManifest.xml:36:13-46
208            android:exported="false"
208-->[com.google.ar:core:1.6.0] AndroidManifest.xml:37:13-37
209            android:launchMode="singleTop"
209-->[com.google.ar:core:1.6.0] AndroidManifest.xml:38:13-43
210            android:theme="@android:style/Theme.Material.Light.Dialog.Alert" /> <!-- The minimal version code of ARCore APK required for an app using this SDK. -->
210-->[com.google.ar:core:1.6.0] AndroidManifest.xml:39:13-77
211        <meta-data
211-->[com.google.ar:core:1.6.0] AndroidManifest.xml:41:9-43:41
212            android:name="com.google.ar.core.min_apk_version"
212-->[com.google.ar:core:1.6.0] AndroidManifest.xml:42:13-62
213            android:value="181012000" />
213-->[com.google.ar:core:1.6.0] AndroidManifest.xml:43:13-38
214        <meta-data
214-->[com.android.support:customtabs:26.1.0] AndroidManifest.xml:23:9-25:38
215            android:name="android.support.VERSION"
215-->[com.android.support:customtabs:26.1.0] AndroidManifest.xml:24:13-51
216            android:value="26.1.0" />
216-->[com.android.support:customtabs:26.1.0] AndroidManifest.xml:25:13-35
217    </application>
218
219</manifest>